<?xml version="1.0" encoding="UTF-8"?>
<!-- Generated by org.testng.reporters.JUnitXMLReporter -->
<testsuite hostname="DESKTOP-19NCAKV" ignored="0" name="Default test" tests="4" failures="0" timestamp="2022-03-15T21:46:19 IST" time="23.148" errors="0">
  <testcase name="test1" time="6.844" classname="demo.TestngDataProvider"/>
  <testcase name="test1" time="3.743" classname="demo.TestngDataProvider"/>
  <testcase name="test1" time="3.791" classname="demo.TestngDataProvider"/>
  <testcase name="test1" time="8.706" classname="demo.TestngDataProvider"/>
</testsuite> <!-- Default test -->
