<?xml version="1.0" encoding="UTF-8"?>
<!-- Generated by org.testng.reporters.JUnitXMLReporter -->
<testsuite hostname="DESKTOP-19NCAKV" ignored="0" name="TestOnChrome" tests="3" failures="0" timestamp="2022-02-25T19:40:43 IST" time="43.842" errors="0">
  <testcase name="test3" time="9.389" classname="demo.TestngMultiBrowserDemo"/>
  <testcase name="test2" time="9.479" classname="demo.TestngMultiBrowserDemo"/>
  <testcase name="test1" time="7.096" classname="demo.TestngMultiBrowserDemo"/>
</testsuite> <!-- TestOnChrome -->
