<?xml version="1.0" encoding="UTF-8"?>
<!-- Generated by org.testng.reporters.JUnitXMLReporter -->
<testsuite hostname="DESKTOP-19NCAKV" ignored="0" name="TestOnEdge" tests="3" failures="0" timestamp="2022-02-25T19:40:48 IST" time="48.894" errors="0">
  <testcase name="test3" time="9.533" classname="demo.TestngMultiBrowserDemo"/>
  <testcase name="test2" time="11.884" classname="demo.TestngMultiBrowserDemo"/>
  <testcase name="test1" time="7.637" classname="demo.TestngMultiBrowserDemo"/>
</testsuite> <!-- TestOnEdge -->
