<?xml version="1.0" encoding="UTF-8"?>
<testng-results skipped="0" failed="0" ignored="0" total="1" passed="1">
  <reporter-output>
  </reporter-output>
  <suite name="Surefire suite" duration-ms="11471" started-at="2022-02-28T22:20:18 IST" finished-at="2022-02-28T22:20:29 IST">
    <groups>
    </groups>
    <test name="Surefire test" duration-ms="11471" started-at="2022-02-28T22:20:18 IST" finished-at="2022-02-28T22:20:29 IST">
      <class name="pages.PG2">
        <test-method status="PASS" signature="setUp()[pri:0, instance:pages.PG2@262b2c86]" name="setUp" is-config="true" duration-ms="5100" started-at="2022-02-28T22:20:18 IST" finished-at="2022-02-28T22:20:23 IST">
          <reporter-output>
          </reporter-output>
        </test-method> <!-- setUp -->
        <test-method status="PASS" signature="PG2test()[pri:0, instance:pages.PG2@262b2c86]" name="PG2test" duration-ms="2115" started-at="2022-02-28T22:20:23 IST" finished-at="2022-02-28T22:20:25 IST">
          <reporter-output>
          </reporter-output>
        </test-method> <!-- PG2test -->
        <test-method status="PASS" signature="tearDown()[pri:0, instance:pages.PG2@262b2c86]" name="tearDown" is-config="true" duration-ms="4197" started-at="2022-02-28T22:20:25 IST" finished-at="2022-02-28T22:20:29 IST">
          <reporter-output>
          </reporter-output>
        </test-method> <!-- tearDown -->
      </class> <!-- pages.PG2 -->
    </test> <!-- Surefire test -->
  </suite> <!-- Surefire suite -->
</testng-results>
