<?xml version="1.0" encoding="UTF-8"?>
<testng-results skipped="0" failed="0" ignored="0" total="4" passed="4">
  <reporter-output>
  </reporter-output>
  <suite name="Default suite" duration-ms="23148" started-at="2022-03-15T21:45:56 IST" finished-at="2022-03-15T21:46:19 IST">
    <groups>
    </groups>
    <test name="Default test" duration-ms="23148" started-at="2022-03-15T21:45:56 IST" finished-at="2022-03-15T21:46:19 IST">
      <class name="demo.TestngDataProvider">
        <test-method status="PASS" signature="test1(java.lang.String,java.lang.String)[pri:0, instance:demo.TestngDataProvider@6eceb130]" name="test1" duration-ms="6844" started-at="2022-03-15T21:45:56 IST" data-provider="create" finished-at="2022-03-15T21:46:03 IST">
          <params>
            <param index="0">
              <value>
                <![CDATA[standard_user]]>
              </value>
            </param>
            <param index="1">
              <value>
                <![CDATA[secret_sauce]]>
              </value>
            </param>
          </params>
          <reporter-output>
          </reporter-output>
        </test-method> <!-- test1 -->
        <test-method status="PASS" signature="test1(java.lang.String,java.lang.String)[pri:0, instance:demo.TestngDataProvider@6eceb130]" name="test1" duration-ms="3743" started-at="2022-03-15T21:46:03 IST" data-provider="create" finished-at="2022-03-15T21:46:07 IST">
          <params>
            <param index="0">
              <value>
                <![CDATA[locked_out_user]]>
              </value>
            </param>
            <param index="1">
              <value>
                <![CDATA[secret_sauce]]>
              </value>
            </param>
          </params>
          <reporter-output>
          </reporter-output>
        </test-method> <!-- test1 -->
        <test-method status="PASS" signature="test1(java.lang.String,java.lang.String)[pri:0, instance:demo.TestngDataProvider@6eceb130]" name="test1" duration-ms="3791" started-at="2022-03-15T21:46:07 IST" data-provider="create" finished-at="2022-03-15T21:46:10 IST">
          <params>
            <param index="0">
              <value>
                <![CDATA[problem_user]]>
              </value>
            </param>
            <param index="1">
              <value>
                <![CDATA[secret_sauce]]>
              </value>
            </param>
          </params>
          <reporter-output>
          </reporter-output>
        </test-method> <!-- test1 -->
        <test-method status="PASS" signature="test1(java.lang.String,java.lang.String)[pri:0, instance:demo.TestngDataProvider@6eceb130]" name="test1" duration-ms="8706" started-at="2022-03-15T21:46:10 IST" data-provider="create" finished-at="2022-03-15T21:46:19 IST">
          <params>
            <param index="0">
              <value>
                <![CDATA[performance_glitch_user]]>
              </value>
            </param>
            <param index="1">
              <value>
                <![CDATA[secret_sauce]]>
              </value>
            </param>
          </params>
          <reporter-output>
          </reporter-output>
        </test-method> <!-- test1 -->
      </class> <!-- demo.TestngDataProvider -->
    </test> <!-- Default test -->
  </suite> <!-- Default suite -->
</testng-results>
